<?xml version="1.0" encoding="ISO-8859-1"?>
<mathml:math xmlns:mathml="http://www.w3.org/1998/Math/MathML">
    <mathml:mrow>
        <mathml:mi>f(1)</mathml:mi>
        <mathml:mo>=</mathml:mo>
        <mathml:mn>1</mathml:mn>
    </mathml:mrow>
    <mathml:mrow>
        <mathml:mi>f(2)</mathml:mi>
        <mathml:mo>=</mathml:mo>
        <mathml:mn>1</mathml:mn>
    </mathml:mrow>
    <mathml:mrow>
        <mathml:mi>f(3)</mathml:mi>
        <mathml:mo>=</mathml:mo>
        <mathml:mn>2</mathml:mn>
    </mathml:mrow>
    <mathml:mrow>
        <mathml:mi>f(4)</mathml:mi>
        <mathml:mo>=</mathml:mo>
        <mathml:mn>3</mathml:mn>
    </mathml:mrow>
    <mathml:mrow>
        <mathml:mi>f(5)</mathml:mi>
        <mathml:mo>=</mathml:mo>
        <mathml:mn>5</mathml:mn>
    </mathml:mrow>
    <mathml:mrow>
        <mathml:mi>f(6)</mathml:mi>
        <mathml:mo>=</mathml:mo>
        <mathml:mn>8</mathml:mn>
    </mathml:mrow>
    <mathml:mrow>
        <mathml:mi>f(7)</mathml:mi>
        <mathml:mo>=</mathml:mo>
        <mathml:mn>13</mathml:mn>
    </mathml:mrow>
    <mathml:mrow>
        <mathml:mi>f(8)</mathml:mi>
        <mathml:mo>=</mathml:mo>
        <mathml:mn>21</mathml:mn>
    </mathml:mrow>
    <mathml:mrow>
        <mathml:mi>f(9)</mathml:mi>
        <mathml:mo>=</mathml:mo>
        <mathml:mn>34</mathml:mn>
    </mathml:mrow>
    <mathml:mrow>
        <mathml:mi>f(10)</mathml:mi>
        <mathml:mo>=</mathml:mo>
        <mathml:mn>55</mathml:mn>
    </mathml:mrow>
</mathml:math>
